TN:
SF:src\store\appStore.ts
FN:7,(anonymous_0)
FN:15,(anonymous_1)
FN:16,(anonymous_2)
FN:17,(anonymous_3)
FN:18,(anonymous_4)
FN:20,(anonymous_5)
FN:21,(anonymous_6)
FN:28,(anonymous_7)
FN:30,(anonymous_8)
FN:32,(anonymous_9)
FN:34,(anonymous_10)
FN:47,(anonymous_11)
FN:47,(anonymous_12)
FN:48,(anonymous_13)
FN:48,(anonymous_14)
FN:49,(anonymous_15)
FN:49,(anonymous_16)
FN:50,(anonymous_17)
FN:50,(anonymous_18)
FN:51,(anonymous_19)
FN:51,(anonymous_20)
FNF:21
FNH:16
FNDA:1,(anonymous_0)
FNDA:1,(anonymous_1)
FNDA:1,(anonymous_2)
FNDA:1,(anonymous_3)
FNDA:1,(anonymous_4)
FNDA:4,(anonymous_5)
FNDA:4,(anonymous_6)
FNDA:9,(anonymous_7)
FNDA:2,(anonymous_8)
FNDA:1,(anonymous_9)
FNDA:1,(anonymous_10)
FNDA:1,(anonymous_11)
FNDA:0,(anonymous_12)
FNDA:1,(anonymous_13)
FNDA:0,(anonymous_14)
FNDA:1,(anonymous_15)
FNDA:0,(anonymous_16)
FNDA:1,(anonymous_17)
FNDA:0,(anonymous_18)
FNDA:1,(anonymous_19)
FNDA:0,(anonymous_20)
DA:1,1
DA:7,1
DA:15,1
DA:16,1
DA:17,1
DA:18,1
DA:21,4
DA:28,9
DA:30,2
DA:32,1
DA:34,1
DA:44,1
DA:47,1
DA:48,1
DA:49,1
DA:50,1
DA:51,1
LF:17
LH:17
BRF:0
BRH:0
end_of_record
TN:
SF:src\utils\validation.ts
FN:8,(anonymous_0)
FN:46,(anonymous_1)
FN:59,(anonymous_2)
FN:114,(anonymous_3)
FN:144,(anonymous_4)
FN:161,(anonymous_5)
FNF:6
FNH:6
FNDA:15,(anonymous_0)
FNDA:14,(anonymous_1)
FNDA:16,(anonymous_2)
FNDA:4,(anonymous_3)
FNDA:13,(anonymous_4)
FNDA:15,(anonymous_5)
DA:3,1
DA:4,1
DA:5,1
DA:6,1
DA:9,15
DA:10,1
DA:16,14
DA:17,1
DA:24,13
DA:25,13
DA:26,6
DA:32,7
DA:33,0
DA:40,7
DA:46,14
DA:47,7
DA:48,2
DA:54,5
DA:60,16
DA:61,1
DA:68,15
DA:69,15
DA:70,0
DA:77,15
DA:78,0
DA:85,15
DA:86,0
DA:93,15
DA:94,15
DA:95,6
DA:102,9
DA:103,4
DA:109,5
DA:115,4
DA:116,1
DA:122,3
DA:123,1
DA:130,2
DA:131,2
DA:133,1
DA:139,1
DA:145,13
DA:151,13
DA:152,28
DA:153,28
DA:154,7
DA:158,6
DA:162,15
DA:163,125
DA:164,125
DA:165,0
DA:168,15
LF:52
LH:47
BRDA:9,0,0,1
BRDA:16,1,0,1
BRDA:25,2,0,6
BRDA:32,3,0,0
BRDA:32,4,0,7
BRDA:32,4,1,7
BRDA:47,5,0,2
BRDA:60,6,0,1
BRDA:69,7,0,0
BRDA:77,8,0,0
BRDA:85,9,0,0
BRDA:94,10,0,6
BRDA:102,11,0,4
BRDA:102,12,0,9
BRDA:102,12,1,8
BRDA:102,12,2,7
BRDA:115,13,0,1
BRDA:122,14,0,1
BRDA:153,15,0,7
BRDA:153,16,0,28
BRDA:153,16,1,7
BRDA:164,17,0,0
BRF:22
BRH:17
end_of_record
